生成启动时间为 2020/5/11 15:43:59。
     1>项目“C:\Users\cetc416\Desktop\MFCApplication3(1)\MFCApplication3(1)\MFCApplication3(1).vcxproj”在节点 2 上(Build 个目标)。
     1>ClCompile:
         C:\Program Files (x86)\Microsoft Visual Studio 12.0\VC\bin\CL.exe /c /ZI /nologo /W3 /WX- /sdl /Od /Oy- /D WIN32 /D _WINDOWS /D _DEBUG /D _UNICODE /D UNICODE /D _AFXDLL /Gm /EHsc /RTC1 /MDd /GS /fp:precise /Zc:wchar_t /Zc:forScope /Yc"stdafx.h" /Fp"Debug\MFCApplication3(1).pch" /Fo"Debug\\" /Fd"Debug\vc120.pdb" /Gd /TP /analyze- /errorReport:prompt stdafx.cpp
         stdafx.cpp
         C:\Program Files (x86)\Microsoft Visual Studio 12.0\VC\bin\CL.exe /c /ZI /nologo /W3 /WX- /sdl /Od /Oy- /D WIN32 /D _WINDOWS /D _DEBUG /D _UNICODE /D UNICODE /D _AFXDLL /Gm /EHsc /RTC1 /MDd /GS /fp:precise /Zc:wchar_t /Zc:forScope /Yu"stdafx.h" /Fp"Debug\MFCApplication3(1).pch" /Fo"Debug\\" /Fd"Debug\vc120.pdb" /Gd /TP /analyze- /errorReport:prompt ClassView.cpp FileView.cpp MainFrm.cpp "MFCApplication3(1).cpp" "MFCApplication3(1)Doc.cpp" "MFCApplication3(1)View.cpp" OutputWnd.cpp PropertiesWnd.cpp ViewTree.cpp
         ViewTree.cpp
         PropertiesWnd.cpp
         OutputWnd.cpp
         MFCApplication3(1)View.cpp
         MFCApplication3(1)Doc.cpp
         MFCApplication3(1).cpp
         MainFrm.cpp
         FileView.cpp
         ClassView.cpp
         正在生成代码...
       ResourceCompile:
         C:\Program Files (x86)\Windows Kits\8.1\bin\x86\rc.exe /D _DEBUG /D _UNICODE /D UNICODE /D _AFXDLL /l"0x0804" /IDebug\ /nologo /fo"Debug\MFCApplication3(1).res" "MFCApplication3(1).rc" 
       Link:
         C:\Program Files (x86)\Microsoft Visual Studio 12.0\VC\bin\link.exe /ERRORREPORT:PROMPT /OUT:"C:\Users\cetc416\Desktop\MFCApplication3(1)\Debug\MFCApplication3(1).exe" /INCREMENTAL /NOLOGO /MANIFEST /MANIFESTUAC:"level='asInvoker' uiAccess='false'" /manifest:embed /manifestinput:"C:\Program Files (x86)\Microsoft Visual Studio 12.0\VC\Include\Manifest\dpiaware.manifest" /DEBUG /PDB:"C:\Users\cetc416\Desktop\MFCApplication3(1)\Debug\MFCApplication3(1).pdb" /SUBSYSTEM:WINDOWS /TLBID:1 /ENTRY:"wWinMainCRTStartup" /DYNAMICBASE /NXCOMPAT /IMPLIB:"C:\Users\cetc416\Desktop\MFCApplication3(1)\Debug\MFCApplication3(1).lib" /MACHINE:X86 "Debug\MFCApplication3(1).res"
         Debug\ClassView.obj
         Debug\FileView.obj
         Debug\MainFrm.obj
         "Debug\MFCApplication3(1).obj"
         "Debug\MFCApplication3(1)Doc.obj"
         "Debug\MFCApplication3(1)View.obj"
         Debug\OutputWnd.obj
         Debug\PropertiesWnd.obj
         Debug\stdafx.obj
         Debug\ViewTree.obj
         MFCApplication3(1).vcxproj -> C:\Users\cetc416\Desktop\MFCApplication3(1)\Debug\MFCApplication3(1).exe
     1>已完成生成项目“C:\Users\cetc416\Desktop\MFCApplication3(1)\MFCApplication3(1)\MFCApplication3(1).vcxproj”(Build 个目标)的操作。

生成成功。

已用时间 00:00:03.77
