生成启动时间为 2020/5/11 14:49:33。
     1>项目“C:\Users\cetc416\Desktop\MFCApplication2class\MFCApplication2class\MFCApplication2class.vcxproj”在节点 2 上(Build 个目标)。
     1>ClCompile:
         C:\Program Files (x86)\Microsoft Visual Studio 12.0\VC\bin\CL.exe /c /ZI /nologo /W3 /WX- /sdl /Od /Oy- /D WIN32 /D _WINDOWS /D _DEBUG /D _UNICODE /D UNICODE /D _AFXDLL /Gm /EHsc /RTC1 /MDd /GS /fp:precise /Zc:wchar_t /Zc:forScope /Yu"stdafx.h" /Fp"Debug\MFCApplication2class.pch" /Fo"Debug\\" /Fd"Debug\vc120.pdb" /Gd /TP /analyze- /errorReport:prompt MFCApplication2class.cpp MFCApplication2classDoc.cpp MFCApplication2classView.cpp
         MFCApplication2classView.cpp
         MFCApplication2classDoc.cpp
         正在生成代码...
         正在跳过...(未检测到相关更改)
         MFCApplication2class.cpp
       Link:
         C:\Program Files (x86)\Microsoft Visual Studio 12.0\VC\bin\link.exe /ERRORREPORT:PROMPT /OUT:"C:\Users\cetc416\Desktop\MFCApplication2class\Debug\MFCApplication2class.exe" /INCREMENTAL /NOLOGO /MANIFEST /MANIFESTUAC:"level='asInvoker' uiAccess='false'" /manifest:embed /manifestinput:"C:\Program Files (x86)\Microsoft Visual Studio 12.0\VC\Include\Manifest\dpiaware.manifest" /DEBUG /PDB:"C:\Users\cetc416\Desktop\MFCApplication2class\Debug\MFCApplication2class.pdb" /SUBSYSTEM:WINDOWS /TLBID:1 /ENTRY:"wWinMainCRTStartup" /DYNAMICBASE /NXCOMPAT /IMPLIB:"C:\Users\cetc416\Desktop\MFCApplication2class\Debug\MFCApplication2class.lib" /MACHINE:X86 Debug\MFCApplication2class.res
         Debug\ClassView.obj
         Debug\FileView.obj
         Debug\MainFrm.obj
         Debug\MFCApplication2class.obj
         Debug\MFCApplication2classDoc.obj
         Debug\MFCApplication2classView.obj
         Debug\OutputWnd.obj
         Debug\PropertiesWnd.obj
         Debug\stdafx.obj
         Debug\ViewTree.obj
         MFCApplication2class.vcxproj -> C:\Users\cetc416\Desktop\MFCApplication2class\Debug\MFCApplication2class.exe
     1>已完成生成项目“C:\Users\cetc416\Desktop\MFCApplication2class\MFCApplication2class\MFCApplication2class.vcxproj”(Build 个目标)的操作。

生成成功。

已用时间 00:00:00.68
